<?xml version="1.0" encoding="UTF-8"?>
<robot generator="Robot 7.0 (Python 3.12.1 on win32)" generated="2024-04-15T11:28:56.534696" rpa="false" schemaversion="5">
<suite id="s1" name="PUT" source="c:\Users\v8\Documents\VS Code\V8TECH\API-Bytebank\TestCases\PUT.robot">
<test id="s1-t1" name="Alterar o saldo de um usuário específico utilizando valores negativos" line="6">
<kw name="Altera o saldo de um usuário por um valor negativo 922fedb3-b981-480f-bff3-86b7808a263f" owner="keywords_PUT" source_name="Altera o saldo de um usuário por um valor negativo ${ID}">
<kw name="Create Dictionary" owner="BuiltIn">
<msg time="2024-04-15T11:28:56.911641" level="INFO">&amp;{headers} = { Content-type=application/json }</msg>
<var>&amp;{headers}</var>
<arg>Content-type=application/json</arg>
<doc>Creates and returns a dictionary based on the given ``items``.</doc>
<status status="PASS" start="2024-04-15T11:28:56.910642" elapsed="0.010771"/>
</kw>
<kw name="Create Dictionary" owner="BuiltIn">
<msg time="2024-04-15T11:28:56.922428" level="INFO">&amp;{body} = { saldo=-90000 }</msg>
<var>&amp;{body}</var>
<arg>saldo=${novoSaldo}</arg>
<doc>Creates and returns a dictionary based on the given ``items``.</doc>
<status status="PASS" start="2024-04-15T11:28:56.921413" elapsed="0.001015"/>
</kw>
<kw name="PUT" owner="RequestsLibrary">
<msg time="2024-04-15T11:28:56.960240" level="INFO">PUT Request : url=http://localhost:8000/users/922fedb3-b981-480f-bff3-86b7808a263f/saldo 
 path_url=/users/922fedb3-b981-480f-bff3-86b7808a263f/saldo 
 headers={'User-Agent': 'python-requests/2.31.0', 'Accept-Encoding': 'gzip, deflate', 'Accept': '*/*', 'Connection': 'keep-alive', 'Content-type': 'application/json', 'Content-Length': '19'} 
 body=b'{"saldo": "-90000"}' 
 </msg>
<msg time="2024-04-15T11:28:56.961239" level="INFO">PUT Response : url=http://localhost:8000/users/922fedb3-b981-480f-bff3-86b7808a263f/saldo 
 status=200, reason=OK 
 headers={'X-Powered-By': 'Express', 'Access-Control-Allow-Origin': '*', 'Content-Type': 'application/json; charset=utf-8', 'Content-Length': '260', 'ETag': 'W/"104-D609DC1LkLX09xO9r3RDpLtNF/Y"', 'Date': 'Mon, 15 Apr 2024 14:28:56 GMT', 'Connection': 'keep-alive', 'Keep-Alive': 'timeout=5'} 
 body={"id":"922fedb3-b981-480f-bff3-86b7808a263f","email":"matheus.santos@v8.tech","transacoes":[{"id":"02b5a90a-4cd1-41c4-9465-980527399c2b","tipoTransacao":"Depósito","valor":"-5845443","data":"14/04/2024","mes":"Abril"}],"saldo":-90000,"nome":"Jorginho Santos"} 
 </msg>
<msg time="2024-04-15T11:28:56.961239" level="FAIL">Url: http://localhost:8000/users/922fedb3-b981-480f-bff3-86b7808a263f/saldo Expected status: 200 != 401</msg>
<arg>url=${HOST}/${USERS}/${ID}/${SALDO}</arg>
<arg>headers=&amp;{headers}</arg>
<arg>json=&amp;{body}</arg>
<arg>expected_status=${STATUS}</arg>
<doc>Sends a PUT request.</doc>
<status status="FAIL" start="2024-04-15T11:28:56.923425" elapsed="0.048215">Url: http://localhost:8000/users/922fedb3-b981-480f-bff3-86b7808a263f/saldo Expected status: 200 != 401</status>
</kw>
<arg>-90000</arg>
<arg>401</arg>
<status status="FAIL" start="2024-04-15T11:28:56.909607" elapsed="0.062033">Url: http://localhost:8000/users/922fedb3-b981-480f-bff3-86b7808a263f/saldo Expected status: 200 != 401</status>
</kw>
<status status="FAIL" start="2024-04-15T11:28:56.908527" elapsed="0.071751">Url: http://localhost:8000/users/922fedb3-b981-480f-bff3-86b7808a263f/saldo Expected status: 200 != 401</status>
</test>
<status status="FAIL" start="2024-04-15T11:28:56.555420" elapsed="0.429379"/>
</suite>
<statistics>
<total>
<stat pass="0" fail="1" skip="0">All Tests</stat>
</total>
<tag>
</tag>
<suite>
<stat pass="0" fail="1" skip="0" id="s1" name="PUT">PUT</stat>
</suite>
</statistics>
<errors>
</errors>
</robot>
